<?xml version="1.0" encoding="UTF-8"?>
<!-- Generated by org.testng.reporters.JUnitReportReporter -->
<testsuite hostname="L3505101530" failures="0" tests="4" name="newpackage.MyClass" time="4.086" errors="0" timestamp="2023-03-16T08:25:32 CET" skipped="0">
  <testcase classname="newpackage.MyClass" name="fillTheForm" time="0.770"/>
  <system-out/>
  <testcase classname="newpackage.MyClass" name="dragAndDropTest" time="2.177"/>
  <system-out/>
  <testcase classname="newpackage.MyClass" name="chooseValues" time="0.624"/>
  <system-out/>
  <testcase classname="newpackage.MyClass" name="doubleClickTest" time="0.515"/>
  <system-out/>
</testsuite> <!-- newpackage.MyClass -->
